0 info it worked if it ends with ok
1 verbose cli [ 'C:\\Program Files\\nodejs\\node.exe',
1 verbose cli   'C:\\Users\\Admin\\AppData\\Roaming\\npm\\node_modules\\npm\\bin\\npm-cli.js',
1 verbose cli   'run',
1 verbose cli   'test.js' ]
2 info using npm@3.5.0
3 info using node@v5.4.0
4 verbose stack Error: missing script: test.js
4 verbose stack     at run (C:\Users\Admin\AppData\Roaming\npm\node_modules\npm\lib\run-script.js:147:19)
4 verbose stack     at C:\Users\Admin\AppData\Roaming\npm\node_modules\npm\lib\run-script.js:57:5
4 verbose stack     at C:\Users\Admin\AppData\Roaming\npm\node_modules\npm\node_modules\read-package-json\read-json.js:345:5
4 verbose stack     at checkBinReferences_ (C:\Users\Admin\AppData\Roaming\npm\node_modules\npm\node_modules\read-package-json\read-json.js:309:45)
4 verbose stack     at final (C:\Users\Admin\AppData\Roaming\npm\node_modules\npm\node_modules\read-package-json\read-json.js:343:3)
4 verbose stack     at then (C:\Users\Admin\AppData\Roaming\npm\node_modules\npm\node_modules\read-package-json\read-json.js:113:5)
4 verbose stack     at C:\Users\Admin\AppData\Roaming\npm\node_modules\npm\node_modules\read-package-json\read-json.js:232:12
4 verbose stack     at C:\Users\Admin\AppData\Roaming\npm\node_modules\npm\node_modules\graceful-fs\graceful-fs.js:76:16
4 verbose stack     at tryToString (fs.js:414:3)
4 verbose stack     at FSReqWrap.readFileAfterClose [as oncomplete] (fs.js:401:12)
5 verbose cwd F:\java\IntegModules\authentication\client\src\js
6 error Windows_NT 10.0.10240
7 error argv "C:\\Program Files\\nodejs\\node.exe" "C:\\Users\\Admin\\AppData\\Roaming\\npm\\node_modules\\npm\\bin\\npm-cli.js" "run" "test.js"
8 error node v5.4.0
9 error npm  v3.5.0
10 error missing script: test.js
11 error If you need help, you may report this error at:
11 error     <https://github.com/npm/npm/issues>
12 verbose exit [ 1, true ]
